<?xml version="1.0" encoding="UTF-8"?>
<testsuite name="ComputerRepairRequestTest" tests="2" skipped="0" failures="0" errors="0" timestamp="2025-03-03T14:25:04" hostname="MARIUSV" time="0.03">
  <properties/>
  <testcase name="Test 1" classname="ComputerRepairRequestTest" time="0.025"/>
  <testcase name="Test 2" classname="ComputerRepairRequestTest" time="0.002"/>
  <system-out><![CDATA[]]></system-out>
  <system-err><![CDATA[]]></system-err>
</testsuite>
